# JRE version: OpenJDK Runtime Environment (23.0.2+7) (build 23.0.2+7-58)
# Java VM: OpenJDK 64-Bit Server VM (23.0.2+7-58, mixed mode, sharing, tiered, compressed oops, compressed class ptrs, g1 gc, windows-amd64)
GC Precious Log:
 CardTable entry size: 512
 Card Set container configuration: InlinePtr #cards 5 size 8 Array Of Cards #cards 10 size 36 Howl #buckets 4 coarsen threshold 1843 Howl Bitmap #cards 512 size 80 coarsen threshold 460 Card regions per heap region 1 cards per card region 2048
 CPUs: 4 total, 4 available
 Memory: 8191M
 Large Page Support: Disabled
 NUMA Support: Disabled
 Compressed Oops: Enabled (32-bit)
 Heap Region Size: 1M
 Heap Min Capacity: 8M
 Heap Initial Capacity: 128M
 Heap Max Capacity: 2G
 Pre-touch: Disabled
 Parallel Workers: 4
 Concurrent Workers: 1
 Concurrent Refinement Workers: 4
 Periodic GC: Disabled
Heap:
 garbage-first heap   total reserved 2097152K, committed 516096K, used 390144K [0x0000000080000000, 0x0000000100000000)
  region size 1024K, 9 young (9216K), 9 survivors (9216K)
 Metaspace       used 80066K, committed 80832K, reserved 1179648K
  class space    used 10880K, committed 11200K, reserved 1048576K
GC Heap History (20 events):
Event: 433.749 GC heap after
{Heap after GC invocations=48 (full 0):
 garbage-first heap   total reserved 2097152K, committed 423936K, used 281723K [0x0000000080000000, 0x0000000100000000)
  region size 1024K, 6 young (6144K), 6 survivors (6144K)
 Metaspace       used 80017K, committed 80768K, reserved 1179648K
  class space    used 10880K, committed 11200K, reserved 1048576K
}
Event: 434.320 GC heap before
{Heap before GC invocations=49 (full 0):
 garbage-first heap   total reserved 2097152K, committed 423936K, used 244859K [0x0000000080000000, 0x0000000100000000)
  region size 1024K, 56 young (57344K), 6 survivors (6144K)
 Metaspace       used 80017K, committed 80768K, reserved 1179648K
  class space    used 10880K, committed 11200K, reserved 1048576K
}
Event: 434.388 GC heap after
{Heap after GC invocations=50 (full 0):
 garbage-first heap   total reserved 2097152K, committed 423936K, used 229888K [0x0000000080000000, 0x0000000100000000)
  region size 1024K, 7 young (7168K), 7 survivors (7168K)
 Metaspace       used 80017K, committed 80768K, reserved 1179648K
  class space    used 10880K, committed 11200K, reserved 1048576K
}
Event: 438.838 GC heap before
{Heap before GC invocations=50 (full 0):
 garbage-first heap   total reserved 2097152K, committed 423936K, used 311808K [0x0000000080000000, 0x0000000100000000)
  region size 1024K, 78 young (79872K), 7 survivors (7168K)
 Metaspace       used 80018K, committed 80768K, reserved 1179648K
  class space    used 10880K, committed 11200K, reserved 1048576K
}
Event: 438.916 GC heap after
{Heap after GC invocations=51 (full 0):
 garbage-first heap   total reserved 2097152K, committed 423936K, used 270848K [0x0000000080000000, 0x0000000100000000)
  region size 1024K, 10 young (10240K), 10 survivors (10240K)
 Metaspace       used 80018K, committed 80768K, reserved 1179648K
  class space    used 10880K, committed 11200K, reserved 1048576K
}
Event: 455.005 GC heap before
{Heap before GC invocations=51 (full 0):
 garbage-first heap   total reserved 2097152K, committed 423936K, used 331264K [0x0000000080000000, 0x0000000100000000)
  region size 1024K, 68 young (69632K), 10 survivors (10240K)
 Metaspace       used 80047K, committed 80768K, reserved 1179648K
  class space    used 10880K, committed 11200K, reserved 1048576K
}
Event: 455.069 GC heap after
{Heap after GC invocations=52 (full 0):
 garbage-first heap   total reserved 2097152K, committed 423936K, used 301056K [0x0000000080000000, 0x0000000100000000)
  region size 1024K, 9 young (9216K), 9 survivors (9216K)
 Metaspace       used 80047K, committed 80768K, reserved 1179648K
  class space    used 10880K, committed 11200K, reserved 1048576K
}
Event: 455.098 GC heap before
{Heap before GC invocations=52 (full 0):
 garbage-first heap   total reserved 2097152K, committed 423936K, used 309248K [0x0000000080000000, 0x0000000100000000)
  region size 1024K, 18 young (18432K), 9 survivors (9216K)
 Metaspace       used 80047K, committed 80768K, reserved 1179648K
  class space    used 10880K, committed 11200K, reserved 1048576K
}
Event: 455.119 GC heap after
{Heap after GC invocations=53 (full 0):
 garbage-first heap   total reserved 2097152K, committed 423936K, used 308175K [0x0000000080000000, 0x0000000100000000)
  region size 1024K, 7 young (7168K), 7 survivors (7168K)
 Metaspace       used 80047K, committed 80768K, reserved 1179648K
  class space    used 10880K, committed 11200K, reserved 1048576K
}
Event: 455.383 GC heap before
{Heap before GC invocations=53 (full 0):
 garbage-first heap   total reserved 2097152K, committed 423936K, used 355279K [0x0000000080000000, 0x0000000100000000)
  region size 1024K, 47 young (48128K), 7 survivors (7168K)
 Metaspace       used 80047K, committed 80768K, reserved 1179648K
  class space    used 10880K, committed 11200K, reserved 1048576K
}
Event: 455.452 GC heap after
{Heap after GC invocations=54 (full 0):
 garbage-first heap   total reserved 2097152K, committed 423936K, used 343873K [0x0000000080000000, 0x0000000100000000)
  region size 1024K, 6 young (6144K), 6 survivors (6144K)
 Metaspace       used 80047K, committed 80768K, reserved 1179648K
  class space    used 10880K, committed 11200K, reserved 1048576K
}
Event: 455.683 GC heap before
{Heap before GC invocations=54 (full 0):
 garbage-first heap   total reserved 2097152K, committed 423936K, used 376641K [0x0000000080000000, 0x0000000100000000)
  region size 1024K, 34 young (34816K), 6 survivors (6144K)
 Metaspace       used 80047K, committed 80768K, reserved 1179648K
  class space    used 10880K, committed 11200K, reserved 1048576K
}
Event: 455.738 GC heap after
{Heap after GC invocations=55 (full 0):
 garbage-first heap   total reserved 2097152K, committed 423936K, used 370688K [0x0000000080000000, 0x0000000100000000)
  region size 1024K, 5 young (5120K), 5 survivors (5120K)
 Metaspace       used 80047K, committed 80768K, reserved 1179648K
  class space    used 10880K, committed 11200K, reserved 1048576K
}
Event: 456.157 GC heap before
{Heap before GC invocations=56 (full 0):
 garbage-first heap   total reserved 2097152K, committed 516096K, used 337920K [0x0000000080000000, 0x0000000100000000)
  region size 1024K, 25 young (25600K), 5 survivors (5120K)
 Metaspace       used 80047K, committed 80768K, reserved 1179648K
  class space    used 10880K, committed 11200K, reserved 1048576K
}
Event: 456.203 GC heap after
{Heap after GC invocations=57 (full 0):
 garbage-first heap   total reserved 2097152K, committed 516096K, used 330752K [0x0000000080000000, 0x0000000100000000)
  region size 1024K, 4 young (4096K), 4 survivors (4096K)
 Metaspace       used 80047K, committed 80768K, reserved 1179648K
  class space    used 10880K, committed 11200K, reserved 1048576K
}
Event: 476.737 GC heap before
{Heap before GC invocations=57 (full 0):
 garbage-first heap   total reserved 2097152K, committed 516096K, used 400384K [0x0000000080000000, 0x0000000100000000)
  region size 1024K, 73 young (74752K), 4 survivors (4096K)
 Metaspace       used 80066K, committed 80832K, reserved 1179648K
  class space    used 10880K, committed 11200K, reserved 1048576K
}
Event: 476.803 GC heap after
{Heap after GC invocations=58 (full 0):
 garbage-first heap   total reserved 2097152K, committed 516096K, used 317952K [0x0000000080000000, 0x0000000100000000)
  region size 1024K, 10 young (10240K), 10 survivors (10240K)
 Metaspace       used 80066K, committed 80832K, reserved 1179648K
  class space    used 10880K, committed 11200K, reserved 1048576K
}
Event: 477.352 GC heap before
{Heap before GC invocations=58 (full 0):
 garbage-first heap   total reserved 2097152K, committed 516096K, used 409088K [0x0000000080000000, 0x0000000100000000)
  region size 1024K, 86 young (88064K), 10 survivors (10240K)
 Metaspace       used 80066K, committed 80832K, reserved 1179648K
  class space    used 10880K, committed 11200K, reserved 1048576K
}
Event: 477.493 GC heap after
{Heap after GC invocations=59 (full 0):
 garbage-first heap   total reserved 2097152K, committed 516096K, used 370176K [0x0000000080000000, 0x0000000100000000)
  region size 1024K, 11 young (11264K), 11 survivors (11264K)
 Metaspace       used 80066K, committed 80832K, reserved 1179648K
  class space    used 10880K, committed 11200K, reserved 1048576K
}
Event: 477.600 GC heap before
{Heap before GC invocations=59 (full 0):
 garbage-first heap   total reserved 2097152K, committed 516096K, used 395776K [0x0000000080000000, 0x0000000100000000)
  region size 1024K, 37 young (37888K), 11 survivors (11264K)
 Metaspace       used 80066K, committed 80832K, reserved 1179648K
  class space    used 10880K, committed 11200K, reserved 1048576K
}

