# JRE version: OpenJDK Runtime Environment (24.0.1+9) (build 24.0.1+9-30)
# Java VM: OpenJDK 64-Bit Server VM (24.0.1+9-30, mixed mode, sharing, tiered, compressed oops, compressed class ptrs, g1 gc, windows-amd64)
GC Precious Log:
 CardTable entry size: 512
 Card Set container configuration: InlinePtr #cards 5 size 8 Array Of Cards #cards 10 size 36 Howl #buckets 4 coarsen threshold 1843 Howl Bitmap #cards 512 size 80 coarsen threshold 460 Card regions per heap region 1 cards per card region 2048
 CPUs: 4 total, 4 available
 Memory: 8191M
 Large Page Support: Disabled
 NUMA Support: Disabled
 Compressed Oops: Enabled (32-bit)
 Heap Region Size: 1M
 Heap Min Capacity: 8M
 Heap Initial Capacity: 128M
 Heap Max Capacity: 2G
 Pre-touch: Disabled
 Parallel Workers: 4
 Concurrent Workers: 1
 Concurrent Refinement Workers: 4
 Periodic GC: Disabled
Heap:
 garbage-first heap   total reserved 2097152K, committed 508928K, used 323584K [0x0000000080000000, 0x0000000100000000)
  region size 1024K, 14 young (14336K), 14 survivors (14336K)
 Metaspace       used 88000K, committed 88704K, reserved 1179648K
  class space    used 9604K, committed 9920K, reserved 1048576K
GC Heap History (20 events):
Event: 122.130 GC heap after
{Heap after GC invocations=50 (full 0):
 garbage-first heap   total reserved 2097152K, committed 527360K, used 321952K [0x0000000080000000, 0x0000000100000000)
  region size 1024K, 15 young (15360K), 15 survivors (15360K)
 Metaspace       used 87382K, committed 88064K, reserved 1179648K
  class space    used 9603K, committed 9920K, reserved 1048576K
}
Event: 122.153 GC heap before
{Heap before GC invocations=50 (full 0):
 garbage-first heap   total reserved 2097152K, committed 527360K, used 324000K [0x0000000080000000, 0x0000000100000000)
  region size 1024K, 18 young (18432K), 15 survivors (15360K)
 Metaspace       used 87382K, committed 88064K, reserved 1179648K
  class space    used 9603K, committed 9920K, reserved 1048576K
}
Event: 122.180 GC heap after
{Heap after GC invocations=51 (full 0):
 garbage-first heap   total reserved 2097152K, committed 527360K, used 326144K [0x0000000080000000, 0x0000000100000000)
  region size 1024K, 3 young (3072K), 3 survivors (3072K)
 Metaspace       used 87382K, committed 88064K, reserved 1179648K
  class space    used 9603K, committed 9920K, reserved 1048576K
}
Event: 122.780 GC heap before
{Heap before GC invocations=52 (full 0):
 garbage-first heap   total reserved 2097152K, committed 527360K, used 338432K [0x0000000080000000, 0x0000000100000000)
  region size 1024K, 77 young (78848K), 3 survivors (3072K)
 Metaspace       used 87382K, committed 88064K, reserved 1179648K
  class space    used 9603K, committed 9920K, reserved 1048576K
}
Event: 122.848 GC heap after
{Heap after GC invocations=53 (full 0):
 garbage-first heap   total reserved 2097152K, committed 527360K, used 304128K [0x0000000080000000, 0x0000000100000000)
  region size 1024K, 10 young (10240K), 10 survivors (10240K)
 Metaspace       used 87382K, committed 88064K, reserved 1179648K
  class space    used 9603K, committed 9920K, reserved 1048576K
}
Event: 209.063 GC heap before
{Heap before GC invocations=53 (full 0):
 garbage-first heap   total reserved 2097152K, committed 527360K, used 394240K [0x0000000080000000, 0x0000000100000000)
  region size 1024K, 96 young (98304K), 10 survivors (10240K)
 Metaspace       used 87804K, committed 88512K, reserved 1179648K
  class space    used 9604K, committed 9920K, reserved 1048576K
}
Event: 209.131 GC heap after
{Heap after GC invocations=54 (full 0):
 garbage-first heap   total reserved 2097152K, committed 527360K, used 299520K [0x0000000080000000, 0x0000000100000000)
  region size 1024K, 12 young (12288K), 12 survivors (12288K)
 Metaspace       used 87804K, committed 88512K, reserved 1179648K
  class space    used 9604K, committed 9920K, reserved 1048576K
}
Event: 209.712 GC heap before
{Heap before GC invocations=54 (full 0):
 garbage-first heap   total reserved 2097152K, committed 527360K, used 407040K [0x0000000080000000, 0x0000000100000000)
  region size 1024K, 99 young (101376K), 12 survivors (12288K)
 Metaspace       used 87804K, committed 88512K, reserved 1179648K
  class space    used 9604K, committed 9920K, reserved 1048576K
}
Event: 209.824 GC heap after
{Heap after GC invocations=55 (full 0):
 garbage-first heap   total reserved 2097152K, committed 527360K, used 340992K [0x0000000080000000, 0x0000000100000000)
  region size 1024K, 13 young (13312K), 13 survivors (13312K)
 Metaspace       used 87804K, committed 88512K, reserved 1179648K
  class space    used 9604K, committed 9920K, reserved 1048576K
}
Event: 344.980 GC heap before
{Heap before GC invocations=55 (full 0):
 garbage-first heap   total reserved 2097152K, committed 527360K, used 412672K [0x0000000080000000, 0x0000000100000000)
  region size 1024K, 83 young (84992K), 13 survivors (13312K)
 Metaspace       used 87938K, committed 88576K, reserved 1179648K
  class space    used 9604K, committed 9920K, reserved 1048576K
}
Event: 345.039 GC heap after
{Heap after GC invocations=56 (full 0):
 garbage-first heap   total reserved 2097152K, committed 527360K, used 359424K [0x0000000080000000, 0x0000000100000000)
  region size 1024K, 11 young (11264K), 11 survivors (11264K)
 Metaspace       used 87938K, committed 88576K, reserved 1179648K
  class space    used 9604K, committed 9920K, reserved 1048576K
}
Event: 346.164 GC heap before
{Heap before GC invocations=57 (full 0):
 garbage-first heap   total reserved 2097152K, committed 508928K, used 226304K [0x0000000080000000, 0x0000000100000000)
  region size 1024K, 78 young (79872K), 11 survivors (11264K)
 Metaspace       used 87938K, committed 88576K, reserved 1179648K
  class space    used 9604K, committed 9920K, reserved 1048576K
}
Event: 346.255 GC heap after
{Heap after GC invocations=58 (full 0):
 garbage-first heap   total reserved 2097152K, committed 508928K, used 213920K [0x0000000080000000, 0x0000000100000000)
  region size 1024K, 10 young (10240K), 10 survivors (10240K)
 Metaspace       used 87938K, committed 88576K, reserved 1179648K
  class space    used 9604K, committed 9920K, reserved 1048576K
}
Event: 384.344 GC heap before
{Heap before GC invocations=58 (full 0):
 garbage-first heap   total reserved 2097152K, committed 508928K, used 340896K [0x0000000080000000, 0x0000000100000000)
  region size 1024K, 118 young (120832K), 10 survivors (10240K)
 Metaspace       used 87960K, committed 88640K, reserved 1179648K
  class space    used 9604K, committed 9920K, reserved 1048576K
}
Event: 384.429 GC heap after
{Heap after GC invocations=59 (full 0):
 garbage-first heap   total reserved 2097152K, committed 508928K, used 250368K [0x0000000080000000, 0x0000000100000000)
  region size 1024K, 15 young (15360K), 15 survivors (15360K)
 Metaspace       used 87960K, committed 88640K, reserved 1179648K
  class space    used 9604K, committed 9920K, reserved 1048576K
}
Event: 417.923 GC heap before
{Heap before GC invocations=59 (full 0):
 garbage-first heap   total reserved 2097152K, committed 508928K, used 276992K [0x0000000080000000, 0x0000000100000000)
  region size 1024K, 43 young (44032K), 15 survivors (15360K)
 Metaspace       used 87986K, committed 88640K, reserved 1179648K
  class space    used 9604K, committed 9920K, reserved 1048576K
}
Event: 417.977 GC heap after
{Heap after GC invocations=60 (full 0):
 garbage-first heap   total reserved 2097152K, committed 508928K, used 272384K [0x0000000080000000, 0x0000000100000000)
  region size 1024K, 15 young (15360K), 15 survivors (15360K)
 Metaspace       used 87986K, committed 88640K, reserved 1179648K
  class space    used 9604K, committed 9920K, reserved 1048576K
}
Event: 418.929 GC heap before
{Heap before GC invocations=61 (full 0):
 garbage-first heap   total reserved 2097152K, committed 508928K, used 283648K [0x0000000080000000, 0x0000000100000000)
  region size 1024K, 113 young (115712K), 15 survivors (15360K)
 Metaspace       used 87986K, committed 88640K, reserved 1179648K
  class space    used 9604K, committed 9920K, reserved 1048576K
}
Event: 419.125 GC heap after
{Heap after GC invocations=62 (full 0):
 garbage-first heap   total reserved 2097152K, committed 508928K, used 259072K [0x0000000080000000, 0x0000000100000000)
  region size 1024K, 15 young (15360K), 15 survivors (15360K)
 Metaspace       used 87986K, committed 88640K, reserved 1179648K
  class space    used 9604K, committed 9920K, reserved 1048576K
}
Event: 423.985 GC heap before
{Heap before GC invocations=62 (full 0):
 garbage-first heap   total reserved 2097152K, committed 508928K, used 366592K [0x0000000080000000, 0x0000000100000000)
  region size 1024K, 111 young (113664K), 15 survivors (15360K)
 Metaspace       used 88000K, committed 88704K, reserved 1179648K
  class space    used 9604K, committed 9920K, reserved 1048576K
}

