# JRE version: OpenJDK Runtime Environment (23.0.2+7) (build 23.0.2+7-58)
# Java VM: OpenJDK 64-Bit Server VM (23.0.2+7-58, mixed mode, sharing, tiered, compressed oops, compressed class ptrs, g1 gc, windows-amd64)
GC Precious Log:
 CardTable entry size: 512
 Card Set container configuration: InlinePtr #cards 5 size 8 Array Of Cards #cards 10 size 36 Howl #buckets 4 coarsen threshold 1843 Howl Bitmap #cards 512 size 80 coarsen threshold 460 Card regions per heap region 1 cards per card region 2048
 CPUs: 4 total, 4 available
 Memory: 8191M
 Large Page Support: Disabled
 NUMA Support: Disabled
 Compressed Oops: Enabled (32-bit)
 Heap Region Size: 1M
 Heap Min Capacity: 8M
 Heap Initial Capacity: 128M
 Heap Max Capacity: 2G
 Pre-touch: Disabled
 Parallel Workers: 4
 Concurrent Workers: 1
 Concurrent Refinement Workers: 4
 Periodic GC: Disabled
Heap:
 garbage-first heap   total reserved 2097152K, committed 253952K, used 203776K [0x0000000080000000, 0x0000000100000000)
  region size 1024K, 4 young (4096K), 4 survivors (4096K)
 Metaspace       used 78941K, committed 79680K, reserved 1179648K
  class space    used 10942K, committed 11264K, reserved 1048576K
GC Heap History (20 events):
Event: 34.846 GC heap after
{Heap after GC invocations=32 (full 0):
 garbage-first heap   total reserved 2097152K, committed 126976K, used 80892K [0x0000000080000000, 0x0000000100000000)
  region size 1024K, 1 young (1024K), 1 survivors (1024K)
 Metaspace       used 78672K, committed 79424K, reserved 1179648K
  class space    used 10923K, committed 11264K, reserved 1048576K
}
Event: 35.225 GC heap before
{Heap before GC invocations=32 (full 0):
 garbage-first heap   total reserved 2097152K, committed 126976K, used 101372K [0x0000000080000000, 0x0000000100000000)
  region size 1024K, 17 young (17408K), 1 survivors (1024K)
 Metaspace       used 78672K, committed 79424K, reserved 1179648K
  class space    used 10923K, committed 11264K, reserved 1048576K
}
Event: 35.252 GC heap after
{Heap after GC invocations=33 (full 0):
 garbage-first heap   total reserved 2097152K, committed 126976K, used 96256K [0x0000000080000000, 0x0000000100000000)
  region size 1024K, 3 young (3072K), 3 survivors (3072K)
 Metaspace       used 78672K, committed 79424K, reserved 1179648K
  class space    used 10923K, committed 11264K, reserved 1048576K
}
Event: 35.315 GC heap before
{Heap before GC invocations=33 (full 0):
 garbage-first heap   total reserved 2097152K, committed 126976K, used 106496K [0x0000000080000000, 0x0000000100000000)
  region size 1024K, 13 young (13312K), 3 survivors (3072K)
 Metaspace       used 78672K, committed 79424K, reserved 1179648K
  class space    used 10923K, committed 11264K, reserved 1048576K
}
Event: 35.334 GC heap after
{Heap after GC invocations=34 (full 0):
 garbage-first heap   total reserved 2097152K, committed 126976K, used 104309K [0x0000000080000000, 0x0000000100000000)
  region size 1024K, 2 young (2048K), 2 survivors (2048K)
 Metaspace       used 78672K, committed 79424K, reserved 1179648K
  class space    used 10923K, committed 11264K, reserved 1048576K
}
Event: 35.378 GC heap before
{Heap before GC invocations=34 (full 0):
 garbage-first heap   total reserved 2097152K, committed 126976K, used 110453K [0x0000000080000000, 0x0000000100000000)
  region size 1024K, 9 young (9216K), 2 survivors (2048K)
 Metaspace       used 78672K, committed 79424K, reserved 1179648K
  class space    used 10923K, committed 11264K, reserved 1048576K
}
Event: 35.392 GC heap after
{Heap after GC invocations=35 (full 0):
 garbage-first heap   total reserved 2097152K, committed 253952K, used 111008K [0x0000000080000000, 0x0000000100000000)
  region size 1024K, 2 young (2048K), 2 survivors (2048K)
 Metaspace       used 78672K, committed 79424K, reserved 1179648K
  class space    used 10923K, committed 11264K, reserved 1048576K
}
Event: 36.058 GC heap before
{Heap before GC invocations=36 (full 0):
 garbage-first heap   total reserved 2097152K, committed 253952K, used 177568K [0x0000000080000000, 0x0000000100000000)
  region size 1024K, 53 young (54272K), 2 survivors (2048K)
 Metaspace       used 78703K, committed 79488K, reserved 1179648K
  class space    used 10928K, committed 11264K, reserved 1048576K
}
Event: 36.159 GC heap after
{Heap after GC invocations=37 (full 0):
 garbage-first heap   total reserved 2097152K, committed 253952K, used 160256K [0x0000000080000000, 0x0000000100000000)
  region size 1024K, 7 young (7168K), 7 survivors (7168K)
 Metaspace       used 78703K, committed 79488K, reserved 1179648K
  class space    used 10928K, committed 11264K, reserved 1048576K
}
Event: 41.731 GC heap before
{Heap before GC invocations=37 (full 0):
 garbage-first heap   total reserved 2097152K, committed 253952K, used 195072K [0x0000000080000000, 0x0000000100000000)
  region size 1024K, 41 young (41984K), 7 survivors (7168K)
 Metaspace       used 78882K, committed 79552K, reserved 1179648K
  class space    used 10942K, committed 11264K, reserved 1048576K
}
Event: 41.762 GC heap after
{Heap after GC invocations=38 (full 0):
 garbage-first heap   total reserved 2097152K, committed 253952K, used 168960K [0x0000000080000000, 0x0000000100000000)
  region size 1024K, 6 young (6144K), 6 survivors (6144K)
 Metaspace       used 78882K, committed 79552K, reserved 1179648K
  class space    used 10942K, committed 11264K, reserved 1048576K
}
Event: 43.491 GC heap before
{Heap before GC invocations=38 (full 0):
 garbage-first heap   total reserved 2097152K, committed 253952K, used 192512K [0x0000000080000000, 0x0000000100000000)
  region size 1024K, 31 young (31744K), 6 survivors (6144K)
 Metaspace       used 78938K, committed 79680K, reserved 1179648K
  class space    used 10942K, committed 11264K, reserved 1048576K
}
Event: 43.526 GC heap after
{Heap after GC invocations=39 (full 0):
 garbage-first heap   total reserved 2097152K, committed 253952K, used 190976K [0x0000000080000000, 0x0000000100000000)
  region size 1024K, 5 young (5120K), 5 survivors (5120K)
 Metaspace       used 78938K, committed 79680K, reserved 1179648K
  class space    used 10942K, committed 11264K, reserved 1048576K
}
Event: 44.106 GC heap before
{Heap before GC invocations=40 (full 0):
 garbage-first heap   total reserved 2097152K, committed 253952K, used 165376K [0x0000000080000000, 0x0000000100000000)
  region size 1024K, 27 young (27648K), 5 survivors (5120K)
 Metaspace       used 78940K, committed 79680K, reserved 1179648K
  class space    used 10942K, committed 11264K, reserved 1048576K
}
Event: 44.139 GC heap after
{Heap after GC invocations=41 (full 0):
 garbage-first heap   total reserved 2097152K, committed 253952K, used 162816K [0x0000000080000000, 0x0000000100000000)
  region size 1024K, 4 young (4096K), 4 survivors (4096K)
 Metaspace       used 78940K, committed 79680K, reserved 1179648K
  class space    used 10942K, committed 11264K, reserved 1048576K
}
Event: 44.411 GC heap before
{Heap before GC invocations=41 (full 0):
 garbage-first heap   total reserved 2097152K, committed 253952K, used 197632K [0x0000000080000000, 0x0000000100000000)
  region size 1024K, 35 young (35840K), 4 survivors (4096K)
 Metaspace       used 78940K, committed 79680K, reserved 1179648K
  class space    used 10942K, committed 11264K, reserved 1048576K
}
Event: 44.479 GC heap after
{Heap after GC invocations=42 (full 0):
 garbage-first heap   total reserved 2097152K, committed 253952K, used 170496K [0x0000000080000000, 0x0000000100000000)
  region size 1024K, 5 young (5120K), 5 survivors (5120K)
 Metaspace       used 78940K, committed 79680K, reserved 1179648K
  class space    used 10942K, committed 11264K, reserved 1048576K
}
Event: 44.648 GC heap before
{Heap before GC invocations=42 (full 0):
 garbage-first heap   total reserved 2097152K, committed 253952K, used 206336K [0x0000000080000000, 0x0000000100000000)
  region size 1024K, 33 young (33792K), 5 survivors (5120K)
 Metaspace       used 78941K, committed 79680K, reserved 1179648K
  class space    used 10942K, committed 11264K, reserved 1048576K
}
Event: 44.734 GC heap after
{Heap after GC invocations=43 (full 0):
 garbage-first heap   total reserved 2097152K, committed 253952K, used 190976K [0x0000000080000000, 0x0000000100000000)
  region size 1024K, 5 young (5120K), 5 survivors (5120K)
 Metaspace       used 78941K, committed 79680K, reserved 1179648K
  class space    used 10942K, committed 11264K, reserved 1048576K
}
Event: 44.812 GC heap before
{Heap before GC invocations=43 (full 0):
 garbage-first heap   total reserved 2097152K, committed 253952K, used 206336K [0x0000000080000000, 0x0000000100000000)
  region size 1024K, 21 young (21504K), 5 survivors (5120K)
 Metaspace       used 78941K, committed 79680K, reserved 1179648K
  class space    used 10942K, committed 11264K, reserved 1048576K
}

