# JRE version: OpenJDK Runtime Environment (23.0.2+7) (build 23.0.2+7-58)
# Java VM: OpenJDK 64-Bit Server VM (23.0.2+7-58, mixed mode, sharing, tiered, compressed oops, compressed class ptrs, g1 gc, windows-amd64)
GC Precious Log:
 CardTable entry size: 512
 Card Set container configuration: InlinePtr #cards 5 size 8 Array Of Cards #cards 10 size 36 Howl #buckets 4 coarsen threshold 1843 Howl Bitmap #cards 512 size 80 coarsen threshold 460 Card regions per heap region 1 cards per card region 2048
 CPUs: 4 total, 4 available
 Memory: 8191M
 Large Page Support: Disabled
 NUMA Support: Disabled
 Compressed Oops: Enabled (32-bit)
 Heap Region Size: 1M
 Heap Min Capacity: 8M
 Heap Initial Capacity: 128M
 Heap Max Capacity: 2G
 Pre-touch: Disabled
 Parallel Workers: 4
 Concurrent Workers: 1
 Concurrent Refinement Workers: 4
 Periodic GC: Disabled
Heap:
 garbage-first heap   total reserved 2097152K, committed 440320K, used 231424K [0x0000000080000000, 0x0000000100000000)
  region size 1024K, 9 young (9216K), 9 survivors (9216K)
 Metaspace       used 74477K, committed 75200K, reserved 1114112K
  class space    used 9998K, committed 10304K, reserved 1048576K
GC Heap History (20 events):
Event: 290.380 GC heap after
{Heap after GC invocations=32 (full 0):
 garbage-first heap   total reserved 2097152K, committed 218112K, used 138240K [0x0000000080000000, 0x0000000100000000)
  region size 1024K, 6 young (6144K), 6 survivors (6144K)
 Metaspace       used 74136K, committed 74880K, reserved 1114112K
  class space    used 9998K, committed 10304K, reserved 1048576K
}
Event: 290.383 GC heap before
{Heap before GC invocations=32 (full 0):
 garbage-first heap   total reserved 2097152K, committed 218112K, used 139264K [0x0000000080000000, 0x0000000100000000)
  region size 1024K, 8 young (8192K), 6 survivors (6144K)
 Metaspace       used 74136K, committed 74880K, reserved 1114112K
  class space    used 9998K, committed 10304K, reserved 1048576K
}
Event: 290.511 GC heap after
{Heap after GC invocations=33 (full 0):
 garbage-first heap   total reserved 2097152K, committed 218112K, used 141530K [0x0000000080000000, 0x0000000100000000)
  region size 1024K, 2 young (2048K), 2 survivors (2048K)
 Metaspace       used 74136K, committed 74880K, reserved 1114112K
  class space    used 9998K, committed 10304K, reserved 1048576K
}
Event: 292.060 GC heap before
{Heap before GC invocations=34 (full 0):
 garbage-first heap   total reserved 2097152K, committed 220160K, used 158938K [0x0000000080000000, 0x0000000100000000)
  region size 1024K, 28 young (28672K), 2 survivors (2048K)
 Metaspace       used 74136K, committed 74880K, reserved 1114112K
  class space    used 9998K, committed 10304K, reserved 1048576K
}
Event: 292.088 GC heap after
{Heap after GC invocations=35 (full 0):
 garbage-first heap   total reserved 2097152K, committed 220160K, used 156160K [0x0000000080000000, 0x0000000100000000)
  region size 1024K, 4 young (4096K), 4 survivors (4096K)
 Metaspace       used 74136K, committed 74880K, reserved 1114112K
  class space    used 9998K, committed 10304K, reserved 1048576K
}
Event: 292.279 GC heap before
{Heap before GC invocations=35 (full 0):
 garbage-first heap   total reserved 2097152K, committed 220160K, used 179712K [0x0000000080000000, 0x0000000100000000)
  region size 1024K, 24 young (24576K), 4 survivors (4096K)
 Metaspace       used 74136K, committed 74880K, reserved 1114112K
  class space    used 9998K, committed 10304K, reserved 1048576K
}
Event: 292.309 GC heap after
{Heap after GC invocations=36 (full 0):
 garbage-first heap   total reserved 2097152K, committed 220160K, used 168448K [0x0000000080000000, 0x0000000100000000)
  region size 1024K, 3 young (3072K), 3 survivors (3072K)
 Metaspace       used 74136K, committed 74880K, reserved 1114112K
  class space    used 9998K, committed 10304K, reserved 1048576K
}
Event: 292.641 GC heap before
{Heap before GC invocations=36 (full 0):
 garbage-first heap   total reserved 2097152K, committed 220160K, used 187904K [0x0000000080000000, 0x0000000100000000)
  region size 1024K, 20 young (20480K), 3 survivors (3072K)
 Metaspace       used 74136K, committed 74880K, reserved 1114112K
  class space    used 9998K, committed 10304K, reserved 1048576K
}
Event: 292.746 GC heap after
{Heap after GC invocations=37 (full 0):
 garbage-first heap   total reserved 2097152K, committed 440320K, used 171008K [0x0000000080000000, 0x0000000100000000)
  region size 1024K, 3 young (3072K), 3 survivors (3072K)
 Metaspace       used 74136K, committed 74880K, reserved 1114112K
  class space    used 9998K, committed 10304K, reserved 1048576K
}
Event: 293.073 GC heap before
{Heap before GC invocations=37 (full 0):
 garbage-first heap   total reserved 2097152K, committed 440320K, used 198656K [0x0000000080000000, 0x0000000100000000)
  region size 1024K, 26 young (26624K), 3 survivors (3072K)
 Metaspace       used 74136K, committed 74880K, reserved 1114112K
  class space    used 9998K, committed 10304K, reserved 1048576K
}
Event: 293.129 GC heap after
{Heap after GC invocations=38 (full 0):
 garbage-first heap   total reserved 2097152K, committed 440320K, used 190976K [0x0000000080000000, 0x0000000100000000)
  region size 1024K, 4 young (4096K), 4 survivors (4096K)
 Metaspace       used 74136K, committed 74880K, reserved 1114112K
  class space    used 9998K, committed 10304K, reserved 1048576K
}
Event: 293.465 GC heap before
{Heap before GC invocations=38 (full 0):
 garbage-first heap   total reserved 2097152K, committed 440320K, used 229888K [0x0000000080000000, 0x0000000100000000)
  region size 1024K, 34 young (34816K), 4 survivors (4096K)
 Metaspace       used 74136K, committed 74880K, reserved 1114112K
  class space    used 9998K, committed 10304K, reserved 1048576K
}
Event: 293.514 GC heap after
{Heap after GC invocations=39 (full 0):
 garbage-first heap   total reserved 2097152K, committed 440320K, used 216064K [0x0000000080000000, 0x0000000100000000)
  region size 1024K, 5 young (5120K), 5 survivors (5120K)
 Metaspace       used 74136K, committed 74880K, reserved 1114112K
  class space    used 9998K, committed 10304K, reserved 1048576K
}
Event: 304.851 GC heap before
{Heap before GC invocations=39 (full 0):
 garbage-first heap   total reserved 2097152K, committed 440320K, used 265216K [0x0000000080000000, 0x0000000100000000)
  region size 1024K, 53 young (54272K), 5 survivors (5120K)
 Metaspace       used 74298K, committed 75008K, reserved 1114112K
  class space    used 9998K, committed 10304K, reserved 1048576K
}
Event: 304.877 GC heap after
{Heap after GC invocations=40 (full 0):
 garbage-first heap   total reserved 2097152K, committed 440320K, used 224256K [0x0000000080000000, 0x0000000100000000)
  region size 1024K, 7 young (7168K), 7 survivors (7168K)
 Metaspace       used 74298K, committed 75008K, reserved 1114112K
  class space    used 9998K, committed 10304K, reserved 1048576K
}
Event: 384.866 GC heap before
{Heap before GC invocations=40 (full 0):
 garbage-first heap   total reserved 2097152K, committed 440320K, used 257024K [0x0000000080000000, 0x0000000100000000)
  region size 1024K, 41 young (41984K), 7 survivors (7168K)
 Metaspace       used 74477K, committed 75200K, reserved 1114112K
  class space    used 9998K, committed 10304K, reserved 1048576K
}
Event: 384.893 GC heap after
{Heap after GC invocations=41 (full 0):
 garbage-first heap   total reserved 2097152K, committed 440320K, used 244736K [0x0000000080000000, 0x0000000100000000)
  region size 1024K, 6 young (6144K), 6 survivors (6144K)
 Metaspace       used 74477K, committed 75200K, reserved 1114112K
  class space    used 9998K, committed 10304K, reserved 1048576K
}
Event: 387.363 GC heap before
{Heap before GC invocations=42 (full 0):
 garbage-first heap   total reserved 2097152K, committed 440320K, used 212992K [0x0000000080000000, 0x0000000100000000)
  region size 1024K, 58 young (59392K), 6 survivors (6144K)
 Metaspace       used 74477K, committed 75200K, reserved 1114112K
  class space    used 9998K, committed 10304K, reserved 1048576K
}
Event: 387.665 GC heap after
{Heap after GC invocations=43 (full 0):
 garbage-first heap   total reserved 2097152K, committed 440320K, used 202144K [0x0000000080000000, 0x0000000100000000)
  region size 1024K, 8 young (8192K), 8 survivors (8192K)
 Metaspace       used 74477K, committed 75200K, reserved 1114112K
  class space    used 9998K, committed 10304K, reserved 1048576K
}
Event: 388.501 GC heap before
{Heap before GC invocations=43 (full 0):
 garbage-first heap   total reserved 2097152K, committed 440320K, used 275872K [0x0000000080000000, 0x0000000100000000)
  region size 1024K, 65 young (66560K), 8 survivors (8192K)
 Metaspace       used 74477K, committed 75200K, reserved 1114112K
  class space    used 9998K, committed 10304K, reserved 1048576K
}

