# JRE version: OpenJDK Runtime Environment (23.0.2+7) (build 23.0.2+7-58)
# Java VM: OpenJDK 64-Bit Server VM (23.0.2+7-58, mixed mode, sharing, tiered, compressed oops, compressed class ptrs, g1 gc, windows-amd64)
GC Precious Log:
 CardTable entry size: 512
 Card Set container configuration: InlinePtr #cards 5 size 8 Array Of Cards #cards 10 size 36 Howl #buckets 4 coarsen threshold 1843 Howl Bitmap #cards 512 size 80 coarsen threshold 460 Card regions per heap region 1 cards per card region 2048
 CPUs: 4 total, 4 available
 Memory: 8191M
 Large Page Support: Disabled
 NUMA Support: Disabled
 Compressed Oops: Enabled (32-bit)
 Heap Region Size: 1M
 Heap Min Capacity: 8M
 Heap Initial Capacity: 128M
 Heap Max Capacity: 2G
 Pre-touch: Disabled
 Parallel Workers: 4
 Concurrent Workers: 1
 Concurrent Refinement Workers: 4
 Periodic GC: Disabled
Heap:
 garbage-first heap   total reserved 2097152K, committed 588800K, used 256833K [0x0000000080000000, 0x0000000100000000)
  region size 1024K, 4 young (4096K), 4 survivors (4096K)
 Metaspace       used 80507K, committed 81216K, reserved 1179648K
  class space    used 10956K, committed 11264K, reserved 1048576K
GC Heap History (20 events):
Event: 216.961 GC heap after
{Heap after GC invocations=47 (full 0):
 garbage-first heap   total reserved 2097152K, committed 588800K, used 222208K [0x0000000080000000, 0x0000000100000000)
  region size 1024K, 4 young (4096K), 4 survivors (4096K)
 Metaspace       used 79522K, committed 80256K, reserved 1179648K
  class space    used 10950K, committed 11264K, reserved 1048576K
}
Event: 231.392 GC heap before
{Heap before GC invocations=47 (full 0):
 garbage-first heap   total reserved 2097152K, committed 588800K, used 388096K [0x0000000080000000, 0x0000000100000000)
  region size 1024K, 152 young (155648K), 4 survivors (4096K)
 Metaspace       used 79739K, committed 80448K, reserved 1179648K
  class space    used 10950K, committed 11264K, reserved 1048576K
}
Event: 231.589 GC heap after
{Heap after GC invocations=48 (full 0):
 garbage-first heap   total reserved 2097152K, committed 588800K, used 309248K [0x0000000080000000, 0x0000000100000000)
  region size 1024K, 19 young (19456K), 19 survivors (19456K)
 Metaspace       used 79739K, committed 80448K, reserved 1179648K
  class space    used 10950K, committed 11264K, reserved 1048576K
}
Event: 231.657 GC heap before
{Heap before GC invocations=48 (full 0):
 garbage-first heap   total reserved 2097152K, committed 588800K, used 323584K [0x0000000080000000, 0x0000000100000000)
  region size 1024K, 34 young (34816K), 19 survivors (19456K)
 Metaspace       used 79739K, committed 80448K, reserved 1179648K
  class space    used 10950K, committed 11264K, reserved 1048576K
}
Event: 231.721 GC heap after
{Heap after GC invocations=49 (full 0):
 garbage-first heap   total reserved 2097152K, committed 588800K, used 322048K [0x0000000080000000, 0x0000000100000000)
  region size 1024K, 12 young (12288K), 12 survivors (12288K)
 Metaspace       used 79739K, committed 80448K, reserved 1179648K
  class space    used 10950K, committed 11264K, reserved 1048576K
}
Event: 265.062 GC heap before
{Heap before GC invocations=50 (full 0):
 garbage-first heap   total reserved 2097152K, committed 588800K, used 358912K [0x0000000080000000, 0x0000000100000000)
  region size 1024K, 107 young (109568K), 12 survivors (12288K)
 Metaspace       used 80309K, committed 81024K, reserved 1179648K
  class space    used 10950K, committed 11264K, reserved 1048576K
}
Event: 265.118 GC heap after
{Heap after GC invocations=51 (full 0):
 garbage-first heap   total reserved 2097152K, committed 588800K, used 280576K [0x0000000080000000, 0x0000000100000000)
  region size 1024K, 14 young (14336K), 14 survivors (14336K)
 Metaspace       used 80309K, committed 81024K, reserved 1179648K
  class space    used 10950K, committed 11264K, reserved 1048576K
}
Event: 1519.037 GC heap before
{Heap before GC invocations=51 (full 0):
 garbage-first heap   total reserved 2097152K, committed 588800K, used 421888K [0x0000000080000000, 0x0000000100000000)
  region size 1024K, 140 young (143360K), 14 survivors (14336K)
 Metaspace       used 80453K, committed 81152K, reserved 1179648K
  class space    used 10956K, committed 11264K, reserved 1048576K
}
Event: 1520.793 GC heap after
{Heap after GC invocations=52 (full 0):
 garbage-first heap   total reserved 2097152K, committed 588800K, used 340480K [0x0000000080000000, 0x0000000100000000)
  region size 1024K, 18 young (18432K), 18 survivors (18432K)
 Metaspace       used 80453K, committed 81152K, reserved 1179648K
  class space    used 10956K, committed 11264K, reserved 1048576K
}
Event: 1521.283 GC heap before
{Heap before GC invocations=52 (full 0):
 garbage-first heap   total reserved 2097152K, committed 588800K, used 352768K [0x0000000080000000, 0x0000000100000000)
  region size 1024K, 28 young (28672K), 18 survivors (18432K)
 Metaspace       used 80453K, committed 81152K, reserved 1179648K
  class space    used 10956K, committed 11264K, reserved 1048576K
}
Event: 1521.730 GC heap after
{Heap after GC invocations=53 (full 0):
 garbage-first heap   total reserved 2097152K, committed 588800K, used 350208K [0x0000000080000000, 0x0000000100000000)
  region size 1024K, 4 young (4096K), 4 survivors (4096K)
 Metaspace       used 80453K, committed 81152K, reserved 1179648K
  class space    used 10956K, committed 11264K, reserved 1048576K
}
Event: 1521.737 GC heap before
{Heap before GC invocations=53 (full 0):
 garbage-first heap   total reserved 2097152K, committed 588800K, used 351232K [0x0000000080000000, 0x0000000100000000)
  region size 1024K, 6 young (6144K), 4 survivors (4096K)
 Metaspace       used 80453K, committed 81152K, reserved 1179648K
  class space    used 10956K, committed 11264K, reserved 1048576K
}
Event: 1521.899 GC heap after
{Heap after GC invocations=54 (full 0):
 garbage-first heap   total reserved 2097152K, committed 588800K, used 352113K [0x0000000080000000, 0x0000000100000000)
  region size 1024K, 6 young (6144K), 6 survivors (6144K)
 Metaspace       used 80453K, committed 81152K, reserved 1179648K
  class space    used 10956K, committed 11264K, reserved 1048576K
}
Event: 1593.058 GC heap before
{Heap before GC invocations=55 (full 0):
 garbage-first heap   total reserved 2097152K, committed 588800K, used 267121K [0x0000000080000000, 0x0000000100000000)
  region size 1024K, 95 young (97280K), 6 survivors (6144K)
 Metaspace       used 80507K, committed 81216K, reserved 1179648K
  class space    used 10956K, committed 11264K, reserved 1048576K
}
Event: 1593.103 GC heap after
{Heap after GC invocations=56 (full 0):
 garbage-first heap   total reserved 2097152K, committed 588800K, used 197547K [0x0000000080000000, 0x0000000100000000)
  region size 1024K, 12 young (12288K), 12 survivors (12288K)
 Metaspace       used 80507K, committed 81216K, reserved 1179648K
  class space    used 10956K, committed 11264K, reserved 1048576K
}
Event: 1593.868 GC heap before
{Heap before GC invocations=56 (full 0):
 garbage-first heap   total reserved 2097152K, committed 588800K, used 215979K [0x0000000080000000, 0x0000000100000000)
  region size 1024K, 28 young (28672K), 12 survivors (12288K)
 Metaspace       used 80507K, committed 81216K, reserved 1179648K
  class space    used 10956K, committed 11264K, reserved 1048576K
}
Event: 1594.065 GC heap after
{Heap after GC invocations=57 (full 0):
 garbage-first heap   total reserved 2097152K, committed 588800K, used 215040K [0x0000000080000000, 0x0000000100000000)
  region size 1024K, 4 young (4096K), 4 survivors (4096K)
 Metaspace       used 80507K, committed 81216K, reserved 1179648K
  class space    used 10956K, committed 11264K, reserved 1048576K
}
Event: 1594.205 GC heap before
{Heap before GC invocations=57 (full 0):
 garbage-first heap   total reserved 2097152K, committed 588800K, used 241664K [0x0000000080000000, 0x0000000100000000)
  region size 1024K, 28 young (28672K), 4 survivors (4096K)
 Metaspace       used 80507K, committed 81216K, reserved 1179648K
  class space    used 10956K, committed 11264K, reserved 1048576K
}
Event: 1594.321 GC heap after
{Heap after GC invocations=58 (full 0):
 garbage-first heap   total reserved 2097152K, committed 588800K, used 235008K [0x0000000080000000, 0x0000000100000000)
  region size 1024K, 4 young (4096K), 4 survivors (4096K)
 Metaspace       used 80507K, committed 81216K, reserved 1179648K
  class space    used 10956K, committed 11264K, reserved 1048576K
}
Event: 1594.468 GC heap before
{Heap before GC invocations=58 (full 0):
 garbage-first heap   total reserved 2097152K, committed 588800K, used 262656K [0x0000000080000000, 0x0000000100000000)
  region size 1024K, 28 young (28672K), 4 survivors (4096K)
 Metaspace       used 80507K, committed 81216K, reserved 1179648K
  class space    used 10956K, committed 11264K, reserved 1048576K
}

