# JRE version: OpenJDK Runtime Environment (23.0.2+7) (build 23.0.2+7-58)
# Java VM: OpenJDK 64-Bit Server VM (23.0.2+7-58, mixed mode, sharing, tiered, compressed oops, compressed class ptrs, g1 gc, windows-amd64)
GC Precious Log:
 CardTable entry size: 512
 Card Set container configuration: InlinePtr #cards 5 size 8 Array Of Cards #cards 10 size 36 Howl #buckets 4 coarsen threshold 1843 Howl Bitmap #cards 512 size 80 coarsen threshold 460 Card regions per heap region 1 cards per card region 2048
 CPUs: 4 total, 4 available
 Memory: 8191M
 Large Page Support: Disabled
 NUMA Support: Disabled
 Compressed Oops: Enabled (32-bit)
 Heap Region Size: 1M
 Heap Min Capacity: 8M
 Heap Initial Capacity: 128M
 Heap Max Capacity: 2G
 Pre-touch: Disabled
 Parallel Workers: 4
 Concurrent Workers: 1
 Concurrent Refinement Workers: 4
 Periodic GC: Disabled
Heap:
 garbage-first heap   total reserved 2097152K, committed 377856K, used 308224K [0x0000000080000000, 0x0000000100000000)
  region size 1024K, 6 young (6144K), 6 survivors (6144K)
 Metaspace       used 79238K, committed 79872K, reserved 1179648K
  class space    used 10939K, committed 11200K, reserved 1048576K
GC Heap History (20 events):
Event: 44.940 GC heap after
{Heap after GC invocations=36 (full 0):
 garbage-first heap   total reserved 2097152K, committed 186368K, used 150528K [0x0000000080000000, 0x0000000100000000)
  region size 1024K, 3 young (3072K), 3 survivors (3072K)
 Metaspace       used 78729K, committed 79360K, reserved 1179648K
  class space    used 10922K, committed 11200K, reserved 1048576K
}
Event: 45.017 GC heap before
{Heap before GC invocations=36 (full 0):
 garbage-first heap   total reserved 2097152K, committed 186368K, used 167936K [0x0000000080000000, 0x0000000100000000)
  region size 1024K, 15 young (15360K), 3 survivors (3072K)
 Metaspace       used 78729K, committed 79360K, reserved 1179648K
  class space    used 10922K, committed 11200K, reserved 1048576K
}
Event: 45.045 GC heap after
{Heap after GC invocations=37 (full 0):
 garbage-first heap   total reserved 2097152K, committed 186368K, used 166400K [0x0000000080000000, 0x0000000100000000)
  region size 1024K, 2 young (2048K), 2 survivors (2048K)
 Metaspace       used 78729K, committed 79360K, reserved 1179648K
  class space    used 10922K, committed 11200K, reserved 1048576K
}
Event: 45.074 GC heap before
{Heap before GC invocations=37 (full 0):
 garbage-first heap   total reserved 2097152K, committed 186368K, used 173568K [0x0000000080000000, 0x0000000100000000)
  region size 1024K, 9 young (9216K), 2 survivors (2048K)
 Metaspace       used 78729K, committed 79360K, reserved 1179648K
  class space    used 10922K, committed 11200K, reserved 1048576K
}
Event: 45.091 GC heap after
{Heap after GC invocations=38 (full 0):
 garbage-first heap   total reserved 2097152K, committed 372736K, used 172543K [0x0000000080000000, 0x0000000100000000)
  region size 1024K, 2 young (2048K), 2 survivors (2048K)
 Metaspace       used 78729K, committed 79360K, reserved 1179648K
  class space    used 10922K, committed 11200K, reserved 1048576K
}
Event: 45.378 GC heap before
{Heap before GC invocations=39 (full 0):
 garbage-first heap   total reserved 2097152K, committed 372736K, used 252415K [0x0000000080000000, 0x0000000100000000)
  region size 1024K, 69 young (70656K), 2 survivors (2048K)
 Metaspace       used 78729K, committed 79360K, reserved 1179648K
  class space    used 10922K, committed 11200K, reserved 1048576K
}
Event: 45.474 GC heap after
{Heap after GC invocations=40 (full 0):
 garbage-first heap   total reserved 2097152K, committed 372736K, used 235008K [0x0000000080000000, 0x0000000100000000)
  region size 1024K, 9 young (9216K), 9 survivors (9216K)
 Metaspace       used 78729K, committed 79360K, reserved 1179648K
  class space    used 10922K, committed 11200K, reserved 1048576K
}
Event: 45.603 GC heap before
{Heap before GC invocations=40 (full 0):
 garbage-first heap   total reserved 2097152K, committed 372736K, used 292352K [0x0000000080000000, 0x0000000100000000)
  region size 1024K, 56 young (57344K), 9 survivors (9216K)
 Metaspace       used 78729K, committed 79360K, reserved 1179648K
  class space    used 10922K, committed 11200K, reserved 1048576K
}
Event: 45.684 GC heap after
{Heap after GC invocations=41 (full 0):
 garbage-first heap   total reserved 2097152K, committed 372736K, used 281088K [0x0000000080000000, 0x0000000100000000)
  region size 1024K, 7 young (7168K), 7 survivors (7168K)
 Metaspace       used 78729K, committed 79360K, reserved 1179648K
  class space    used 10922K, committed 11200K, reserved 1048576K
}
Event: 46.150 GC heap before
{Heap before GC invocations=41 (full 0):
 garbage-first heap   total reserved 2097152K, committed 372736K, used 322048K [0x0000000080000000, 0x0000000100000000)
  region size 1024K, 39 young (39936K), 7 survivors (7168K)
 Metaspace       used 78774K, committed 79488K, reserved 1179648K
  class space    used 10927K, committed 11200K, reserved 1048576K
}
Event: 46.214 GC heap after
{Heap after GC invocations=42 (full 0):
 garbage-first heap   total reserved 2097152K, committed 372736K, used 302592K [0x0000000080000000, 0x0000000100000000)
  region size 1024K, 5 young (5120K), 5 survivors (5120K)
 Metaspace       used 78774K, committed 79488K, reserved 1179648K
  class space    used 10927K, committed 11200K, reserved 1048576K
}
Event: 46.365 GC heap before
{Heap before GC invocations=42 (full 0):
 garbage-first heap   total reserved 2097152K, committed 372736K, used 329216K [0x0000000080000000, 0x0000000100000000)
  region size 1024K, 31 young (31744K), 5 survivors (5120K)
 Metaspace       used 78774K, committed 79488K, reserved 1179648K
  class space    used 10927K, committed 11200K, reserved 1048576K
}
Event: 46.388 GC heap after
{Heap after GC invocations=43 (full 0):
 garbage-first heap   total reserved 2097152K, committed 372736K, used 310784K [0x0000000080000000, 0x0000000100000000)
  region size 1024K, 4 young (4096K), 4 survivors (4096K)
 Metaspace       used 78774K, committed 79488K, reserved 1179648K
  class space    used 10927K, committed 11200K, reserved 1048576K
}
Event: 54.937 GC heap before
{Heap before GC invocations=44 (full 0):
 garbage-first heap   total reserved 2097152K, committed 377856K, used 251392K [0x0000000080000000, 0x0000000100000000)
  region size 1024K, 29 young (29696K), 4 survivors (4096K)
 Metaspace       used 79045K, committed 79680K, reserved 1179648K
  class space    used 10938K, committed 11200K, reserved 1048576K
}
Event: 54.952 GC heap after
{Heap after GC invocations=45 (full 0):
 garbage-first heap   total reserved 2097152K, committed 377856K, used 229760K [0x0000000080000000, 0x0000000100000000)
  region size 1024K, 4 young (4096K), 4 survivors (4096K)
 Metaspace       used 79045K, committed 79680K, reserved 1179648K
  class space    used 10938K, committed 11200K, reserved 1048576K
}
Event: 69.047 GC heap before
{Heap before GC invocations=45 (full 0):
 garbage-first heap   total reserved 2097152K, committed 377856K, used 299392K [0x0000000080000000, 0x0000000100000000)
  region size 1024K, 70 young (71680K), 4 survivors (4096K)
 Metaspace       used 79233K, committed 79872K, reserved 1179648K
  class space    used 10938K, committed 11200K, reserved 1048576K
}
Event: 69.179 GC heap after
{Heap after GC invocations=46 (full 0):
 garbage-first heap   total reserved 2097152K, committed 377856K, used 261120K [0x0000000080000000, 0x0000000100000000)
  region size 1024K, 9 young (9216K), 9 survivors (9216K)
 Metaspace       used 79233K, committed 79872K, reserved 1179648K
  class space    used 10938K, committed 11200K, reserved 1048576K
}
Event: 69.307 GC heap before
{Heap before GC invocations=46 (full 0):
 garbage-first heap   total reserved 2097152K, committed 377856K, used 267264K [0x0000000080000000, 0x0000000100000000)
  region size 1024K, 17 young (17408K), 9 survivors (9216K)
 Metaspace       used 79238K, committed 79872K, reserved 1179648K
  class space    used 10939K, committed 11200K, reserved 1048576K
}
Event: 69.335 GC heap after
{Heap after GC invocations=47 (full 0):
 garbage-first heap   total reserved 2097152K, committed 377856K, used 268288K [0x0000000080000000, 0x0000000100000000)
  region size 1024K, 6 young (6144K), 6 survivors (6144K)
 Metaspace       used 79238K, committed 79872K, reserved 1179648K
  class space    used 10939K, committed 11200K, reserved 1048576K
}
Event: 69.806 GC heap before
{Heap before GC invocations=47 (full 0):
 garbage-first heap   total reserved 2097152K, committed 377856K, used 319488K [0x0000000080000000, 0x0000000100000000)
  region size 1024K, 47 young (48128K), 6 survivors (6144K)
 Metaspace       used 79238K, committed 79872K, reserved 1179648K
  class space    used 10939K, committed 11200K, reserved 1048576K
}

