# JRE version: OpenJDK Runtime Environment (23.0.2+7) (build 23.0.2+7-58)
# Java VM: OpenJDK 64-Bit Server VM (23.0.2+7-58, mixed mode, sharing, tiered, compressed oops, compressed class ptrs, g1 gc, windows-amd64)
GC Precious Log:
 CardTable entry size: 512
 Card Set container configuration: InlinePtr #cards 5 size 8 Array Of Cards #cards 10 size 36 Howl #buckets 4 coarsen threshold 1843 Howl Bitmap #cards 512 size 80 coarsen threshold 460 Card regions per heap region 1 cards per card region 2048
 CPUs: 4 total, 4 available
 Memory: 8191M
 Large Page Support: Disabled
 NUMA Support: Disabled
 Compressed Oops: Enabled (32-bit)
 Heap Region Size: 1M
 Heap Min Capacity: 8M
 Heap Initial Capacity: 128M
 Heap Max Capacity: 2G
 Pre-touch: Disabled
 Parallel Workers: 4
 Concurrent Workers: 1
 Concurrent Refinement Workers: 4
 Periodic GC: Disabled
Heap:
 garbage-first heap   total reserved 2097152K, committed 393216K, used 310037K [0x0000000080000000, 0x0000000100000000)
  region size 1024K, 7 young (7168K), 7 survivors (7168K)
 Metaspace       used 66786K, committed 67520K, reserved 1114112K
  class space    used 9169K, committed 9536K, reserved 1048576K
GC Heap History (20 events):
Event: 42.286 GC heap after
{Heap after GC invocations=28 (full 0):
 garbage-first heap   total reserved 2097152K, committed 129024K, used 87620K [0x0000000080000000, 0x0000000100000000)
  region size 1024K, 3 young (3072K), 3 survivors (3072K)
 Metaspace       used 64818K, committed 65536K, reserved 1114112K
  class space    used 8972K, committed 9280K, reserved 1048576K
}
Event: 42.403 GC heap before
{Heap before GC invocations=28 (full 0):
 garbage-first heap   total reserved 2097152K, committed 129024K, used 104004K [0x0000000080000000, 0x0000000100000000)
  region size 1024K, 17 young (17408K), 3 survivors (3072K)
 Metaspace       used 64819K, committed 65536K, reserved 1114112K
  class space    used 8972K, committed 9280K, reserved 1048576K
}
Event: 42.427 GC heap after
{Heap after GC invocations=29 (full 0):
 garbage-first heap   total reserved 2097152K, committed 129024K, used 102165K [0x0000000080000000, 0x0000000100000000)
  region size 1024K, 3 young (3072K), 3 survivors (3072K)
 Metaspace       used 64819K, committed 65536K, reserved 1114112K
  class space    used 8972K, committed 9280K, reserved 1048576K
}
Event: 42.532 GC heap before
{Heap before GC invocations=30 (full 0):
 garbage-first heap   total reserved 2097152K, committed 174080K, used 112405K [0x0000000080000000, 0x0000000100000000)
  region size 1024K, 12 young (12288K), 3 survivors (3072K)
 Metaspace       used 64819K, committed 65536K, reserved 1114112K
  class space    used 8972K, committed 9280K, reserved 1048576K
}
Event: 42.554 GC heap after
{Heap after GC invocations=31 (full 0):
 garbage-first heap   total reserved 2097152K, committed 174080K, used 112449K [0x0000000080000000, 0x0000000100000000)
  region size 1024K, 2 young (2048K), 2 survivors (2048K)
 Metaspace       used 64819K, committed 65536K, reserved 1114112K
  class space    used 8972K, committed 9280K, reserved 1048576K
}
Event: 42.698 GC heap before
{Heap before GC invocations=31 (full 0):
 garbage-first heap   total reserved 2097152K, committed 174080K, used 138049K [0x0000000080000000, 0x0000000100000000)
  region size 1024K, 23 young (23552K), 2 survivors (2048K)
 Metaspace       used 64819K, committed 65536K, reserved 1114112K
  class space    used 8972K, committed 9280K, reserved 1048576K
}
Event: 42.732 GC heap after
{Heap after GC invocations=32 (full 0):
 garbage-first heap   total reserved 2097152K, committed 174080K, used 133120K [0x0000000080000000, 0x0000000100000000)
  region size 1024K, 3 young (3072K), 3 survivors (3072K)
 Metaspace       used 64819K, committed 65536K, reserved 1114112K
  class space    used 8972K, committed 9280K, reserved 1048576K
}
Event: 42.795 GC heap before
{Heap before GC invocations=32 (full 0):
 garbage-first heap   total reserved 2097152K, committed 174080K, used 147456K [0x0000000080000000, 0x0000000100000000)
  region size 1024K, 17 young (17408K), 3 survivors (3072K)
 Metaspace       used 64819K, committed 65536K, reserved 1114112K
  class space    used 8972K, committed 9280K, reserved 1048576K
}
Event: 42.836 GC heap after
{Heap after GC invocations=33 (full 0):
 garbage-first heap   total reserved 2097152K, committed 393216K, used 142336K [0x0000000080000000, 0x0000000100000000)
  region size 1024K, 3 young (3072K), 3 survivors (3072K)
 Metaspace       used 64819K, committed 65536K, reserved 1114112K
  class space    used 8972K, committed 9280K, reserved 1048576K
}
Event: 142.449 GC heap before
{Heap before GC invocations=33 (full 0):
 garbage-first heap   total reserved 2097152K, committed 393216K, used 239616K [0x0000000080000000, 0x0000000100000000)
  region size 1024K, 90 young (92160K), 3 survivors (3072K)
 Metaspace       used 66590K, committed 67392K, reserved 1114112K
  class space    used 9169K, committed 9536K, reserved 1048576K
}
Event: 142.497 GC heap after
{Heap after GC invocations=34 (full 0):
 garbage-first heap   total reserved 2097152K, committed 393216K, used 176128K [0x0000000080000000, 0x0000000100000000)
  region size 1024K, 12 young (12288K), 12 survivors (12288K)
 Metaspace       used 66590K, committed 67392K, reserved 1114112K
  class space    used 9169K, committed 9536K, reserved 1048576K
}
Event: 142.524 GC heap before
{Heap before GC invocations=34 (full 0):
 garbage-first heap   total reserved 2097152K, committed 393216K, used 180224K [0x0000000080000000, 0x0000000100000000)
  region size 1024K, 17 young (17408K), 12 survivors (12288K)
 Metaspace       used 66590K, committed 67392K, reserved 1114112K
  class space    used 9169K, committed 9536K, reserved 1048576K
}
Event: 142.549 GC heap after
{Heap after GC invocations=35 (full 0):
 garbage-first heap   total reserved 2097152K, committed 393216K, used 181760K [0x0000000080000000, 0x0000000100000000)
  region size 1024K, 5 young (5120K), 5 survivors (5120K)
 Metaspace       used 66590K, committed 67392K, reserved 1114112K
  class space    used 9169K, committed 9536K, reserved 1048576K
}
Event: 143.339 GC heap before
{Heap before GC invocations=36 (full 0):
 garbage-first heap   total reserved 2097152K, committed 393216K, used 223744K [0x0000000080000000, 0x0000000100000000)
  region size 1024K, 79 young (80896K), 5 survivors (5120K)
 Metaspace       used 66590K, committed 67392K, reserved 1114112K
  class space    used 9169K, committed 9536K, reserved 1048576K
}
Event: 143.444 GC heap after
{Heap after GC invocations=37 (full 0):
 garbage-first heap   total reserved 2097152K, committed 393216K, used 206336K [0x0000000080000000, 0x0000000100000000)
  region size 1024K, 10 young (10240K), 10 survivors (10240K)
 Metaspace       used 66590K, committed 67392K, reserved 1114112K
  class space    used 9169K, committed 9536K, reserved 1048576K
}
Event: 144.078 GC heap before
{Heap before GC invocations=37 (full 0):
 garbage-first heap   total reserved 2097152K, committed 393216K, used 283136K [0x0000000080000000, 0x0000000100000000)
  region size 1024K, 76 young (77824K), 10 survivors (10240K)
 Metaspace       used 66614K, committed 67392K, reserved 1114112K
  class space    used 9169K, committed 9536K, reserved 1048576K
}
Event: 144.185 GC heap after
{Heap after GC invocations=38 (full 0):
 garbage-first heap   total reserved 2097152K, committed 393216K, used 244224K [0x0000000080000000, 0x0000000100000000)
  region size 1024K, 10 young (10240K), 10 survivors (10240K)
 Metaspace       used 66614K, committed 67392K, reserved 1114112K
  class space    used 9169K, committed 9536K, reserved 1048576K
}
Event: 145.929 GC heap before
{Heap before GC invocations=38 (full 0):
 garbage-first heap   total reserved 2097152K, committed 393216K, used 284160K [0x0000000080000000, 0x0000000100000000)
  region size 1024K, 51 young (52224K), 10 survivors (10240K)
 Metaspace       used 66769K, committed 67520K, reserved 1114112K
  class space    used 9169K, committed 9536K, reserved 1048576K
}
Event: 146.002 GC heap after
{Heap after GC invocations=39 (full 0):
 garbage-first heap   total reserved 2097152K, committed 393216K, used 267776K [0x0000000080000000, 0x0000000100000000)
  region size 1024K, 9 young (9216K), 9 survivors (9216K)
 Metaspace       used 66769K, committed 67520K, reserved 1114112K
  class space    used 9169K, committed 9536K, reserved 1048576K
}
Event: 146.333 GC heap before
{Heap before GC invocations=39 (full 0):
 garbage-first heap   total reserved 2097152K, committed 393216K, used 321024K [0x0000000080000000, 0x0000000100000000)
  region size 1024K, 56 young (57344K), 9 survivors (9216K)
 Metaspace       used 66786K, committed 67520K, reserved 1114112K
  class space    used 9169K, committed 9536K, reserved 1048576K
}

